<?xml version="1.0" encoding="UTF-8"?>
<!-- Generated by org.testng.reporters.JUnitXMLReporter -->
<testsuite ignored="0" hostname="DESKTOP-7CQA1LF" failures="0" tests="6" name="Default test" time="50.392" errors="0" timestamp="2022-12-07T21:03:05 IST">
  <testcase classname="tests.LoginTest" name="tc01_login" time="1.116"/>
  <testcase classname="tests.LoginTest" name="tc02_login" time="0.59"/>
  <testcase classname="tests.LoginTest" name="tc03_login" time="2.491"/>
  <testcase classname="tests.LoginTest" name="tc03_login" time="2.501"/>
  <testcase classname="tests.LoginTest" name="tc03_login" time="2.44"/>
  <testcase classname="tests.LoginTest" name="tc04_login" time="2.394"/>
</testsuite> <!-- Default test -->
